<?xml version="1.0" encoding="UTF-8"?>
<!-- Generated by org.testng.reporters.JUnitXMLReporter -->
<testsuite ignored="2" hostname="LAPTOP-9SAO9B6V" failures="0" tests="1" name="Test" time="0.452" errors="0" timestamp="2021-01-27T20:27:04 GMT">
  <testcase classname="com.w2a.testcases.LoginTest" name="loginAsBankManager" time="0.418"/>
  <testcase classname="com.w2a.base.TestBase" name="@BeforeSuite setUp" time="0.0">
    <ignored/>
  </testcase> <!-- @BeforeSuite setUp -->
  <testcase classname="com.w2a.base.TestBase" name="@AfterSuite clearDown" time="0.0">
    <ignored/>
  </testcase> <!-- @AfterSuite clearDown -->
</testsuite> <!-- Test -->
