<?xml version="1.0" encoding="UTF-8"?>
<testng-results ignored="0" total="2" passed="2" failed="0" skipped="0">
  <reporter-output>
  </reporter-output>
  <suite started-at="2021-01-28T21:42:03 GMT" name="Data Driven" finished-at="2021-01-28T21:42:25 GMT" duration-ms="21838">
    <groups>
    </groups>
    <test started-at="2021-01-28T21:42:03 GMT" name="BankManagerLoginTest" finished-at="2021-01-28T21:42:04 GMT" duration-ms="717">
      <class name="com.w2a.testcases.BankManagerLoginTest">
        <test-method signature="loginAsBankManager()[pri:0, instance:com.w2a.testcases.BankManagerLoginTest@4816278d]" started-at="2021-01-28T21:42:04 GMT" name="loginAsBankManager" finished-at="2021-01-28T21:42:04 GMT" duration-ms="654" status="PASS">
          <reporter-output>
          </reporter-output>
        </test-method> <!-- loginAsBankManager -->
      </class> <!-- com.w2a.testcases.BankManagerLoginTest -->
    </test> <!-- BankManagerLoginTest -->
    <test started-at="2021-01-28T21:42:04 GMT" name="Add Customer Test" finished-at="2021-01-28T21:42:25 GMT" duration-ms="21064">
      <class name="com.w2a.testcases.AddCustomerTest">
        <test-method is-config="true" signature="setUp()[pri:0, instance:com.w2a.testcases.AddCustomerTest@41294f8]" started-at="2021-01-28T21:41:52 GMT" name="setUp" finished-at="2021-01-28T21:42:03 GMT" duration-ms="11403" status="PASS">
          <reporter-output>
          </reporter-output>
        </test-method> <!-- setUp -->
        <test-method signature="AddCustomer(java.lang.String, java.lang.String, java.lang.String, java.lang.String)[pri:0, instance:com.w2a.testcases.AddCustomerTest@41294f8]" started-at="2021-01-28T21:42:04 GMT" name="AddCustomer" data-provider="getData" finished-at="2021-01-28T21:42:25 GMT" duration-ms="21045" status="PASS">
          <params>
            <param index="0">
              <value>
                <![CDATA[thamil]]>
              </value>
            </param>
            <param index="1">
              <value>
                <![CDATA[alagan]]>
              </value>
            </param>
            <param index="2">
              <value>
                <![CDATA[b27 a93]]>
              </value>
            </param>
            <param index="3">
              <value>
                <![CDATA[Customer added successfully]]>
              </value>
            </param>
          </params>
          <reporter-output>
          </reporter-output>
        </test-method> <!-- AddCustomer -->
        <test-method is-config="true" signature="clearDown()[pri:0, instance:com.w2a.testcases.AddCustomerTest@41294f8]" started-at="2021-01-28T21:42:25 GMT" name="clearDown" finished-at="2021-01-28T21:42:26 GMT" duration-ms="753" status="PASS">
          <reporter-output>
          </reporter-output>
        </test-method> <!-- clearDown -->
      </class> <!-- com.w2a.testcases.AddCustomerTest -->
    </test> <!-- Add Customer Test -->
  </suite> <!-- Data Driven -->
</testng-results>
